<?xml version="1.0" encoding="UTF-8"?>
<testsuite xmlns:xsi="http://www.w3.org/2001/XMLSchema-instance" xsi:noNamespaceSchemaLocation="https://maven.apache.org/surefire/maven-surefire-plugin/xsd/surefire-test-report.xsd" name="com.bob.camundatestclient.CamundaTestClientApplicationTests" time="2.223" tests="1" errors="0" skipped="0" failures="0">
  <properties>
    <property name="java.specification.version" value="17"/>
    <property name="sun.jnu.encoding" value="UTF-8"/>
    <property name="java.class.path" value="/Users/robertorossi/Codice/camunda-test-client/target/test-classes:/Users/robertorossi/Codice/camunda-test-client/target/classes:/Users/robertorossi/.m2/repository/org/springframework/boot/spring-boot-starter/3.0.6/spring-boot-starter-3.0.6.jar:/Users/robertorossi/.m2/repository/org/springframework/boot/spring-boot/3.0.6/spring-boot-3.0.6.jar:/Users/robertorossi/.m2/repository/org/springframework/spring-context/6.0.8/spring-context-6.0.8.jar:/Users/robertorossi/.m2/repository/org/springframework/spring-aop/6.0.8/spring-aop-6.0.8.jar:/Users/robertorossi/.m2/repository/org/springframework/spring-beans/6.0.8/spring-beans-6.0.8.jar:/Users/robertorossi/.m2/repository/org/springframework/spring-expression/6.0.8/spring-expression-6.0.8.jar:/Users/robertorossi/.m2/repository/org/springframework/boot/spring-boot-autoconfigure/3.0.6/spring-boot-autoconfigure-3.0.6.jar:/Users/robertorossi/.m2/repository/org/springframework/boot/spring-boot-starter-logging/3.0.6/spring-boot-starter-logging-3.0.6.jar:/Users/robertorossi/.m2/repository/ch/qos/logback/logback-classic/1.4.7/logback-classic-1.4.7.jar:/Users/robertorossi/.m2/repository/ch/qos/logback/logback-core/1.4.7/logback-core-1.4.7.jar:/Users/robertorossi/.m2/repository/org/apache/logging/log4j/log4j-to-slf4j/2.19.0/log4j-to-slf4j-2.19.0.jar:/Users/robertorossi/.m2/repository/org/apache/logging/log4j/log4j-api/2.19.0/log4j-api-2.19.0.jar:/Users/robertorossi/.m2/repository/org/slf4j/jul-to-slf4j/2.0.7/jul-to-slf4j-2.0.7.jar:/Users/robertorossi/.m2/repository/jakarta/annotation/jakarta.annotation-api/2.1.1/jakarta.annotation-api-2.1.1.jar:/Users/robertorossi/.m2/repository/org/springframework/spring-core/6.0.8/spring-core-6.0.8.jar:/Users/robertorossi/.m2/repository/org/springframework/spring-jcl/6.0.8/spring-jcl-6.0.8.jar:/Users/robertorossi/.m2/repository/org/yaml/snakeyaml/1.33/snakeyaml-1.33.jar:/Users/robertorossi/.m2/repository/org/springframework/boot/spring-boot-starter-test/3.0.6/spring-boot-starter-test-3.0.6.jar:/Users/robertorossi/.m2/repository/org/springframework/boot/spring-boot-test/3.0.6/spring-boot-test-3.0.6.jar:/Users/robertorossi/.m2/repository/org/springframework/boot/spring-boot-test-autoconfigure/3.0.6/spring-boot-test-autoconfigure-3.0.6.jar:/Users/robertorossi/.m2/repository/com/jayway/jsonpath/json-path/2.7.0/json-path-2.7.0.jar:/Users/robertorossi/.m2/repository/net/minidev/json-smart/2.4.10/json-smart-2.4.10.jar:/Users/robertorossi/.m2/repository/net/minidev/accessors-smart/2.4.9/accessors-smart-2.4.9.jar:/Users/robertorossi/.m2/repository/org/ow2/asm/asm/9.3/asm-9.3.jar:/Users/robertorossi/.m2/repository/jakarta/xml/bind/jakarta.xml.bind-api/4.0.0/jakarta.xml.bind-api-4.0.0.jar:/Users/robertorossi/.m2/repository/jakarta/activation/jakarta.activation-api/2.1.1/jakarta.activation-api-2.1.1.jar:/Users/robertorossi/.m2/repository/org/assertj/assertj-core/3.23.1/assertj-core-3.23.1.jar:/Users/robertorossi/.m2/repository/net/bytebuddy/byte-buddy/1.12.23/byte-buddy-1.12.23.jar:/Users/robertorossi/.m2/repository/org/hamcrest/hamcrest/2.2/hamcrest-2.2.jar:/Users/robertorossi/.m2/repository/org/junit/jupiter/junit-jupiter/5.9.2/junit-jupiter-5.9.2.jar:/Users/robertorossi/.m2/repository/org/junit/jupiter/junit-jupiter-api/5.9.2/junit-jupiter-api-5.9.2.jar:/Users/robertorossi/.m2/repository/org/opentest4j/opentest4j/1.2.0/opentest4j-1.2.0.jar:/Users/robertorossi/.m2/repository/org/junit/platform/junit-platform-commons/1.9.2/junit-platform-commons-1.9.2.jar:/Users/robertorossi/.m2/repository/org/apiguardian/apiguardian-api/1.1.2/apiguardian-api-1.1.2.jar:/Users/robertorossi/.m2/repository/org/junit/jupiter/junit-jupiter-params/5.9.2/junit-jupiter-params-5.9.2.jar:/Users/robertorossi/.m2/repository/org/junit/jupiter/junit-jupiter-engine/5.9.2/junit-jupiter-engine-5.9.2.jar:/Users/robertorossi/.m2/repository/org/junit/platform/junit-platform-engine/1.9.2/junit-platform-engine-1.9.2.jar:/Users/robertorossi/.m2/repository/org/mockito/mockito-core/4.8.1/mockito-core-4.8.1.jar:/Users/robertorossi/.m2/repository/net/bytebuddy/byte-buddy-agent/1.12.23/byte-buddy-agent-1.12.23.jar:/Users/robertorossi/.m2/repository/org/objenesis/objenesis/3.2/objenesis-3.2.jar:/Users/robertorossi/.m2/repository/org/mockito/mockito-junit-jupiter/4.8.1/mockito-junit-jupiter-4.8.1.jar:/Users/robertorossi/.m2/repository/org/skyscreamer/jsonassert/1.5.1/jsonassert-1.5.1.jar:/Users/robertorossi/.m2/repository/com/vaadin/external/google/android-json/0.0.20131108.vaadin1/android-json-0.0.20131108.vaadin1.jar:/Users/robertorossi/.m2/repository/org/springframework/spring-test/6.0.8/spring-test-6.0.8.jar:/Users/robertorossi/.m2/repository/org/xmlunit/xmlunit-core/2.9.1/xmlunit-core-2.9.1.jar:/Users/robertorossi/.m2/repository/io/camunda/zeebe-client-java/8.2.3/zeebe-client-java-8.2.3.jar:/Users/robertorossi/.m2/repository/io/camunda/zeebe-bpmn-model/8.2.3/zeebe-bpmn-model-8.2.3.jar:/Users/robertorossi/.m2/repository/org/camunda/bpm/model/camunda-xml-model/7.18.0/camunda-xml-model-7.18.0.jar:/Users/robertorossi/.m2/repository/com/fasterxml/jackson/core/jackson-core/2.14.2/jackson-core-2.14.2.jar:/Users/robertorossi/.m2/repository/com/fasterxml/jackson/core/jackson-databind/2.14.2/jackson-databind-2.14.2.jar:/Users/robertorossi/.m2/repository/com/fasterxml/jackson/core/jackson-annotations/2.14.2/jackson-annotations-2.14.2.jar:/Users/robertorossi/.m2/repository/io/camunda/zeebe-gateway-protocol-impl/8.2.3/zeebe-gateway-protocol-impl-8.2.3.jar:/Users/robertorossi/.m2/repository/io/grpc/grpc-protobuf/1.54.1/grpc-protobuf-1.54.1.jar:/Users/robertorossi/.m2/repository/com/google/api/grpc/proto-google-common-protos/2.9.0/proto-google-common-protos-2.9.0.jar:/Users/robertorossi/.m2/repository/io/grpc/grpc-protobuf-lite/1.54.1/grpc-protobuf-lite-1.54.1.jar:/Users/robertorossi/.m2/repository/com/google/guava/guava/31.1-jre/guava-31.1-jre.jar:/Users/robertorossi/.m2/repository/com/google/guava/failureaccess/1.0.1/failureaccess-1.0.1.jar:/Users/robertorossi/.m2/repository/com/google/guava/listenablefuture/9999.0-empty-to-avoid-conflict-with-guava/listenablefuture-9999.0-empty-to-avoid-conflict-with-guava.jar:/Users/robertorossi/.m2/repository/org/checkerframework/checker-qual/3.12.0/checker-qual-3.12.0.jar:/Users/robertorossi/.m2/repository/com/google/j2objc/j2objc-annotations/1.3/j2objc-annotations-1.3.jar:/Users/robertorossi/.m2/repository/org/slf4j/slf4j-api/2.0.7/slf4j-api-2.0.7.jar:/Users/robertorossi/.m2/repository/io/grpc/grpc-stub/1.54.1/grpc-stub-1.54.1.jar:/Users/robertorossi/.m2/repository/com/google/errorprone/error_prone_annotations/2.18.0/error_prone_annotations-2.18.0.jar:/Users/robertorossi/.m2/repository/io/grpc/grpc-core/1.54.1/grpc-core-1.54.1.jar:/Users/robertorossi/.m2/repository/com/google/code/gson/gson/2.9.1/gson-2.9.1.jar:/Users/robertorossi/.m2/repository/com/google/android/annotations/4.1.1.4/annotations-4.1.1.4.jar:/Users/robertorossi/.m2/repository/org/codehaus/mojo/animal-sniffer-annotations/1.21/animal-sniffer-annotations-1.21.jar:/Users/robertorossi/.m2/repository/io/perfmark/perfmark-api/0.25.0/perfmark-api-0.25.0.jar:/Users/robertorossi/.m2/repository/io/grpc/grpc-api/1.54.1/grpc-api-1.54.1.jar:/Users/robertorossi/.m2/repository/io/grpc/grpc-context/1.54.1/grpc-context-1.54.1.jar:/Users/robertorossi/.m2/repository/com/google/code/findbugs/jsr305/3.0.2/jsr305-3.0.2.jar:/Users/robertorossi/.m2/repository/io/grpc/grpc-netty/1.54.1/grpc-netty-1.54.1.jar:/Users/robertorossi/.m2/repository/io/netty/netty-codec-http2/4.1.91.Final/netty-codec-http2-4.1.91.Final.jar:/Users/robertorossi/.m2/repository/io/netty/netty-codec-http/4.1.91.Final/netty-codec-http-4.1.91.Final.jar:/Users/robertorossi/.m2/repository/io/netty/netty-handler-proxy/4.1.91.Final/netty-handler-proxy-4.1.91.Final.jar:/Users/robertorossi/.m2/repository/io/netty/netty-codec-socks/4.1.91.Final/netty-codec-socks-4.1.91.Final.jar:/Users/robertorossi/.m2/repository/io/netty/netty-transport-native-unix-common/4.1.91.Final/netty-transport-native-unix-common-4.1.91.Final.jar:/Users/robertorossi/.m2/repository/com/google/protobuf/protobuf-java/3.22.3/protobuf-java-3.22.3.jar:/Users/robertorossi/.m2/repository/io/netty/netty-tcnative-boringssl-static/2.0.59.Final/netty-tcnative-boringssl-static-2.0.59.Final.jar:/Users/robertorossi/.m2/repository/io/netty/netty-tcnative-classes/2.0.59.Final/netty-tcnative-classes-2.0.59.Final.jar:/Users/robertorossi/.m2/repository/io/netty/netty-tcnative-boringssl-static/2.0.59.Final/netty-tcnative-boringssl-static-2.0.59.Final-linux-x86_64.jar:/Users/robertorossi/.m2/repository/io/netty/netty-tcnative-boringssl-static/2.0.59.Final/netty-tcnative-boringssl-static-2.0.59.Final-linux-aarch_64.jar:/Users/robertorossi/.m2/repository/io/netty/netty-tcnative-boringssl-static/2.0.59.Final/netty-tcnative-boringssl-static-2.0.59.Final-osx-x86_64.jar:/Users/robertorossi/.m2/repository/io/netty/netty-tcnative-boringssl-static/2.0.59.Final/netty-tcnative-boringssl-static-2.0.59.Final-osx-aarch_64.jar:/Users/robertorossi/.m2/repository/io/netty/netty-tcnative-boringssl-static/2.0.59.Final/netty-tcnative-boringssl-static-2.0.59.Final-windows-x86_64.jar:/Users/robertorossi/.m2/repository/io/netty/netty-handler/4.1.91.Final/netty-handler-4.1.91.Final.jar:/Users/robertorossi/.m2/repository/io/netty/netty-resolver/4.1.91.Final/netty-resolver-4.1.91.Final.jar:/Users/robertorossi/.m2/repository/io/netty/netty-buffer/4.1.91.Final/netty-buffer-4.1.91.Final.jar:/Users/robertorossi/.m2/repository/io/netty/netty-transport/4.1.91.Final/netty-transport-4.1.91.Final.jar:/Users/robertorossi/.m2/repository/io/netty/netty-codec/4.1.91.Final/netty-codec-4.1.91.Final.jar:/Users/robertorossi/.m2/repository/io/netty/netty-common/4.1.91.Final/netty-common-4.1.91.Final.jar:/Users/robertorossi/.m2/repository/com/fasterxml/jackson/dataformat/jackson-dataformat-yaml/2.14.2/jackson-dataformat-yaml-2.14.2.jar:"/>
    <property name="java.vm.vendor" value="Homebrew"/>
    <property name="sun.arch.data.model" value="64"/>
    <property name="java.vendor.url" value="https://github.com/Homebrew/homebrew-core/issues"/>
    <property name="os.name" value="Mac OS X"/>
    <property name="java.vm.specification.version" value="17"/>
    <property name="sun.java.launcher" value="SUN_STANDARD"/>
    <property name="user.country" value="IT"/>
    <property name="sun.boot.library.path" value="/usr/local/Cellar/openjdk/17.0.1/libexec/openjdk.jdk/Contents/Home/lib"/>
    <property name="sun.java.command" value="/Users/robertorossi/Codice/camunda-test-client/target/surefire/surefirebooter5283539292243316308.jar /Users/robertorossi/Codice/camunda-test-client/target/surefire 2023-04-26T23-00-25_098-jvmRun1 surefire6111185293932881236tmp surefire_018220741195697350917tmp"/>
    <property name="http.nonProxyHosts" value="local|*.local|169.254/16|*.169.254/16"/>
    <property name="jdk.debug" value="release"/>
    <property name="surefire.test.class.path" value="/Users/robertorossi/Codice/camunda-test-client/target/test-classes:/Users/robertorossi/Codice/camunda-test-client/target/classes:/Users/robertorossi/.m2/repository/org/springframework/boot/spring-boot-starter/3.0.6/spring-boot-starter-3.0.6.jar:/Users/robertorossi/.m2/repository/org/springframework/boot/spring-boot/3.0.6/spring-boot-3.0.6.jar:/Users/robertorossi/.m2/repository/org/springframework/spring-context/6.0.8/spring-context-6.0.8.jar:/Users/robertorossi/.m2/repository/org/springframework/spring-aop/6.0.8/spring-aop-6.0.8.jar:/Users/robertorossi/.m2/repository/org/springframework/spring-beans/6.0.8/spring-beans-6.0.8.jar:/Users/robertorossi/.m2/repository/org/springframework/spring-expression/6.0.8/spring-expression-6.0.8.jar:/Users/robertorossi/.m2/repository/org/springframework/boot/spring-boot-autoconfigure/3.0.6/spring-boot-autoconfigure-3.0.6.jar:/Users/robertorossi/.m2/repository/org/springframework/boot/spring-boot-starter-logging/3.0.6/spring-boot-starter-logging-3.0.6.jar:/Users/robertorossi/.m2/repository/ch/qos/logback/logback-classic/1.4.7/logback-classic-1.4.7.jar:/Users/robertorossi/.m2/repository/ch/qos/logback/logback-core/1.4.7/logback-core-1.4.7.jar:/Users/robertorossi/.m2/repository/org/apache/logging/log4j/log4j-to-slf4j/2.19.0/log4j-to-slf4j-2.19.0.jar:/Users/robertorossi/.m2/repository/org/apache/logging/log4j/log4j-api/2.19.0/log4j-api-2.19.0.jar:/Users/robertorossi/.m2/repository/org/slf4j/jul-to-slf4j/2.0.7/jul-to-slf4j-2.0.7.jar:/Users/robertorossi/.m2/repository/jakarta/annotation/jakarta.annotation-api/2.1.1/jakarta.annotation-api-2.1.1.jar:/Users/robertorossi/.m2/repository/org/springframework/spring-core/6.0.8/spring-core-6.0.8.jar:/Users/robertorossi/.m2/repository/org/springframework/spring-jcl/6.0.8/spring-jcl-6.0.8.jar:/Users/robertorossi/.m2/repository/org/yaml/snakeyaml/1.33/snakeyaml-1.33.jar:/Users/robertorossi/.m2/repository/org/springframework/boot/spring-boot-starter-test/3.0.6/spring-boot-starter-test-3.0.6.jar:/Users/robertorossi/.m2/repository/org/springframework/boot/spring-boot-test/3.0.6/spring-boot-test-3.0.6.jar:/Users/robertorossi/.m2/repository/org/springframework/boot/spring-boot-test-autoconfigure/3.0.6/spring-boot-test-autoconfigure-3.0.6.jar:/Users/robertorossi/.m2/repository/com/jayway/jsonpath/json-path/2.7.0/json-path-2.7.0.jar:/Users/robertorossi/.m2/repository/net/minidev/json-smart/2.4.10/json-smart-2.4.10.jar:/Users/robertorossi/.m2/repository/net/minidev/accessors-smart/2.4.9/accessors-smart-2.4.9.jar:/Users/robertorossi/.m2/repository/org/ow2/asm/asm/9.3/asm-9.3.jar:/Users/robertorossi/.m2/repository/jakarta/xml/bind/jakarta.xml.bind-api/4.0.0/jakarta.xml.bind-api-4.0.0.jar:/Users/robertorossi/.m2/repository/jakarta/activation/jakarta.activation-api/2.1.1/jakarta.activation-api-2.1.1.jar:/Users/robertorossi/.m2/repository/org/assertj/assertj-core/3.23.1/assertj-core-3.23.1.jar:/Users/robertorossi/.m2/repository/net/bytebuddy/byte-buddy/1.12.23/byte-buddy-1.12.23.jar:/Users/robertorossi/.m2/repository/org/hamcrest/hamcrest/2.2/hamcrest-2.2.jar:/Users/robertorossi/.m2/repository/org/junit/jupiter/junit-jupiter/5.9.2/junit-jupiter-5.9.2.jar:/Users/robertorossi/.m2/repository/org/junit/jupiter/junit-jupiter-api/5.9.2/junit-jupiter-api-5.9.2.jar:/Users/robertorossi/.m2/repository/org/opentest4j/opentest4j/1.2.0/opentest4j-1.2.0.jar:/Users/robertorossi/.m2/repository/org/junit/platform/junit-platform-commons/1.9.2/junit-platform-commons-1.9.2.jar:/Users/robertorossi/.m2/repository/org/apiguardian/apiguardian-api/1.1.2/apiguardian-api-1.1.2.jar:/Users/robertorossi/.m2/repository/org/junit/jupiter/junit-jupiter-params/5.9.2/junit-jupiter-params-5.9.2.jar:/Users/robertorossi/.m2/repository/org/junit/jupiter/junit-jupiter-engine/5.9.2/junit-jupiter-engine-5.9.2.jar:/Users/robertorossi/.m2/repository/org/junit/platform/junit-platform-engine/1.9.2/junit-platform-engine-1.9.2.jar:/Users/robertorossi/.m2/repository/org/mockito/mockito-core/4.8.1/mockito-core-4.8.1.jar:/Users/robertorossi/.m2/repository/net/bytebuddy/byte-buddy-agent/1.12.23/byte-buddy-agent-1.12.23.jar:/Users/robertorossi/.m2/repository/org/objenesis/objenesis/3.2/objenesis-3.2.jar:/Users/robertorossi/.m2/repository/org/mockito/mockito-junit-jupiter/4.8.1/mockito-junit-jupiter-4.8.1.jar:/Users/robertorossi/.m2/repository/org/skyscreamer/jsonassert/1.5.1/jsonassert-1.5.1.jar:/Users/robertorossi/.m2/repository/com/vaadin/external/google/android-json/0.0.20131108.vaadin1/android-json-0.0.20131108.vaadin1.jar:/Users/robertorossi/.m2/repository/org/springframework/spring-test/6.0.8/spring-test-6.0.8.jar:/Users/robertorossi/.m2/repository/org/xmlunit/xmlunit-core/2.9.1/xmlunit-core-2.9.1.jar:/Users/robertorossi/.m2/repository/io/camunda/zeebe-client-java/8.2.3/zeebe-client-java-8.2.3.jar:/Users/robertorossi/.m2/repository/io/camunda/zeebe-bpmn-model/8.2.3/zeebe-bpmn-model-8.2.3.jar:/Users/robertorossi/.m2/repository/org/camunda/bpm/model/camunda-xml-model/7.18.0/camunda-xml-model-7.18.0.jar:/Users/robertorossi/.m2/repository/com/fasterxml/jackson/core/jackson-core/2.14.2/jackson-core-2.14.2.jar:/Users/robertorossi/.m2/repository/com/fasterxml/jackson/core/jackson-databind/2.14.2/jackson-databind-2.14.2.jar:/Users/robertorossi/.m2/repository/com/fasterxml/jackson/core/jackson-annotations/2.14.2/jackson-annotations-2.14.2.jar:/Users/robertorossi/.m2/repository/io/camunda/zeebe-gateway-protocol-impl/8.2.3/zeebe-gateway-protocol-impl-8.2.3.jar:/Users/robertorossi/.m2/repository/io/grpc/grpc-protobuf/1.54.1/grpc-protobuf-1.54.1.jar:/Users/robertorossi/.m2/repository/com/google/api/grpc/proto-google-common-protos/2.9.0/proto-google-common-protos-2.9.0.jar:/Users/robertorossi/.m2/repository/io/grpc/grpc-protobuf-lite/1.54.1/grpc-protobuf-lite-1.54.1.jar:/Users/robertorossi/.m2/repository/com/google/guava/guava/31.1-jre/guava-31.1-jre.jar:/Users/robertorossi/.m2/repository/com/google/guava/failureaccess/1.0.1/failureaccess-1.0.1.jar:/Users/robertorossi/.m2/repository/com/google/guava/listenablefuture/9999.0-empty-to-avoid-conflict-with-guava/listenablefuture-9999.0-empty-to-avoid-conflict-with-guava.jar:/Users/robertorossi/.m2/repository/org/checkerframework/checker-qual/3.12.0/checker-qual-3.12.0.jar:/Users/robertorossi/.m2/repository/com/google/j2objc/j2objc-annotations/1.3/j2objc-annotations-1.3.jar:/Users/robertorossi/.m2/repository/org/slf4j/slf4j-api/2.0.7/slf4j-api-2.0.7.jar:/Users/robertorossi/.m2/repository/io/grpc/grpc-stub/1.54.1/grpc-stub-1.54.1.jar:/Users/robertorossi/.m2/repository/com/google/errorprone/error_prone_annotations/2.18.0/error_prone_annotations-2.18.0.jar:/Users/robertorossi/.m2/repository/io/grpc/grpc-core/1.54.1/grpc-core-1.54.1.jar:/Users/robertorossi/.m2/repository/com/google/code/gson/gson/2.9.1/gson-2.9.1.jar:/Users/robertorossi/.m2/repository/com/google/android/annotations/4.1.1.4/annotations-4.1.1.4.jar:/Users/robertorossi/.m2/repository/org/codehaus/mojo/animal-sniffer-annotations/1.21/animal-sniffer-annotations-1.21.jar:/Users/robertorossi/.m2/repository/io/perfmark/perfmark-api/0.25.0/perfmark-api-0.25.0.jar:/Users/robertorossi/.m2/repository/io/grpc/grpc-api/1.54.1/grpc-api-1.54.1.jar:/Users/robertorossi/.m2/repository/io/grpc/grpc-context/1.54.1/grpc-context-1.54.1.jar:/Users/robertorossi/.m2/repository/com/google/code/findbugs/jsr305/3.0.2/jsr305-3.0.2.jar:/Users/robertorossi/.m2/repository/io/grpc/grpc-netty/1.54.1/grpc-netty-1.54.1.jar:/Users/robertorossi/.m2/repository/io/netty/netty-codec-http2/4.1.91.Final/netty-codec-http2-4.1.91.Final.jar:/Users/robertorossi/.m2/repository/io/netty/netty-codec-http/4.1.91.Final/netty-codec-http-4.1.91.Final.jar:/Users/robertorossi/.m2/repository/io/netty/netty-handler-proxy/4.1.91.Final/netty-handler-proxy-4.1.91.Final.jar:/Users/robertorossi/.m2/repository/io/netty/netty-codec-socks/4.1.91.Final/netty-codec-socks-4.1.91.Final.jar:/Users/robertorossi/.m2/repository/io/netty/netty-transport-native-unix-common/4.1.91.Final/netty-transport-native-unix-common-4.1.91.Final.jar:/Users/robertorossi/.m2/repository/com/google/protobuf/protobuf-java/3.22.3/protobuf-java-3.22.3.jar:/Users/robertorossi/.m2/repository/io/netty/netty-tcnative-boringssl-static/2.0.59.Final/netty-tcnative-boringssl-static-2.0.59.Final.jar:/Users/robertorossi/.m2/repository/io/netty/netty-tcnative-classes/2.0.59.Final/netty-tcnative-classes-2.0.59.Final.jar:/Users/robertorossi/.m2/repository/io/netty/netty-tcnative-boringssl-static/2.0.59.Final/netty-tcnative-boringssl-static-2.0.59.Final-linux-x86_64.jar:/Users/robertorossi/.m2/repository/io/netty/netty-tcnative-boringssl-static/2.0.59.Final/netty-tcnative-boringssl-static-2.0.59.Final-linux-aarch_64.jar:/Users/robertorossi/.m2/repository/io/netty/netty-tcnative-boringssl-static/2.0.59.Final/netty-tcnative-boringssl-static-2.0.59.Final-osx-x86_64.jar:/Users/robertorossi/.m2/repository/io/netty/netty-tcnative-boringssl-static/2.0.59.Final/netty-tcnative-boringssl-static-2.0.59.Final-osx-aarch_64.jar:/Users/robertorossi/.m2/repository/io/netty/netty-tcnative-boringssl-static/2.0.59.Final/netty-tcnative-boringssl-static-2.0.59.Final-windows-x86_64.jar:/Users/robertorossi/.m2/repository/io/netty/netty-handler/4.1.91.Final/netty-handler-4.1.91.Final.jar:/Users/robertorossi/.m2/repository/io/netty/netty-resolver/4.1.91.Final/netty-resolver-4.1.91.Final.jar:/Users/robertorossi/.m2/repository/io/netty/netty-buffer/4.1.91.Final/netty-buffer-4.1.91.Final.jar:/Users/robertorossi/.m2/repository/io/netty/netty-transport/4.1.91.Final/netty-transport-4.1.91.Final.jar:/Users/robertorossi/.m2/repository/io/netty/netty-codec/4.1.91.Final/netty-codec-4.1.91.Final.jar:/Users/robertorossi/.m2/repository/io/netty/netty-common/4.1.91.Final/netty-common-4.1.91.Final.jar:/Users/robertorossi/.m2/repository/com/fasterxml/jackson/dataformat/jackson-dataformat-yaml/2.14.2/jackson-dataformat-yaml-2.14.2.jar:"/>
    <property name="sun.cpu.endian" value="little"/>
    <property name="user.home" value="/Users/robertorossi"/>
    <property name="user.language" value="it"/>
    <property name="java.specification.vendor" value="Oracle Corporation"/>
    <property name="java.version.date" value="2021-10-19"/>
    <property name="java.home" value="/usr/local/Cellar/openjdk/17.0.1/libexec/openjdk.jdk/Contents/Home"/>
    <property name="file.separator" value="/"/>
    <property name="basedir" value="/Users/robertorossi/Codice/camunda-test-client"/>
    <property name="java.vm.compressedOopsMode" value="Zero based"/>
    <property name="line.separator" value="&#10;"/>
    <property name="java.specification.name" value="Java Platform API Specification"/>
    <property name="java.vm.specification.vendor" value="Oracle Corporation"/>
    <property name="surefire.real.class.path" value="/Users/robertorossi/Codice/camunda-test-client/target/surefire/surefirebooter5283539292243316308.jar"/>
    <property name="sun.management.compiler" value="HotSpot 64-Bit Tiered Compilers"/>
    <property name="ftp.nonProxyHosts" value="local|*.local|169.254/16|*.169.254/16"/>
    <property name="java.runtime.version" value="17.0.1+0"/>
    <property name="user.name" value="robertorossi"/>
    <property name="path.separator" value=":"/>
    <property name="os.version" value="13.3.1"/>
    <property name="java.runtime.name" value="OpenJDK Runtime Environment"/>
    <property name="file.encoding" value="UTF-8"/>
    <property name="java.vm.name" value="OpenJDK 64-Bit Server VM"/>
    <property name="java.vendor.version" value="Homebrew"/>
    <property name="localRepository" value="/Users/robertorossi/.m2/repository"/>
    <property name="java.vendor.url.bug" value="https://github.com/Homebrew/homebrew-core/issues"/>
    <property name="java.io.tmpdir" value="/var/folders/nk/47vh546x1l15wmsk27zl_t1w0000gp/T/"/>
    <property name="java.version" value="17.0.1"/>
    <property name="user.dir" value="/Users/robertorossi/Codice/camunda-test-client"/>
    <property name="os.arch" value="x86_64"/>
    <property name="java.vm.specification.name" value="Java Virtual Machine Specification"/>
    <property name="native.encoding" value="UTF-8"/>
    <property name="java.library.path" value="/Users/robertorossi/Library/Java/Extensions:/Library/Java/Extensions:/Network/Library/Java/Extensions:/System/Library/Java/Extensions:/usr/lib/java:."/>
    <property name="java.vm.info" value="mixed mode, sharing"/>
    <property name="java.vendor" value="Homebrew"/>
    <property name="java.vm.version" value="17.0.1+0"/>
    <property name="sun.io.unicode.encoding" value="UnicodeBig"/>
    <property name="socksNonProxyHosts" value="local|*.local|169.254/16|*.169.254/16"/>
    <property name="java.class.version" value="61.0"/>
  </properties>
  <testcase name="contextLoads" classname="com.bob.camundatestclient.CamundaTestClientApplicationTests" time="0.452"/>
</testsuite>